<?xml version="1.0" encoding="UTF-8"?>
<testng-results skipped="0" failed="0" ignored="0" total="2" passed="2">
  <reporter-output>
  </reporter-output>
  <suite name="Default suite" duration-ms="56085" started-at="2019-09-08T11:04:51Z" finished-at="2019-09-08T11:05:47Z">
    <groups>
      <group name="cucumber">
        <method signature="AbstractTestNGCucumberTests.runScenario(cucumber.api.testng.PickleEventWrapper, cucumber.api.testng.CucumberFeatureWrapper)[pri:0, instance:com.leafBot.testcases.TC001_LoginLogout@14523f8]" name="runScenario" class="cucumber.api.testng.AbstractTestNGCucumberTests"/>
      </group> <!-- cucumber -->
    </groups>
    <test name="Default test" duration-ms="56085" started-at="2019-09-08T11:04:51Z" finished-at="2019-09-08T11:05:47Z">
      <class name="com.leafBot.testcases.TC001_LoginLogout">
        <test-method status="PASS" signature="startReport()[pri:0, instance:com.leafBot.testcases.TC001_LoginLogout@14523f8]" name="startReport" is-config="true" duration-ms="422" started-at="2019-09-08T11:04:50Z" finished-at="2019-09-08T11:04:51Z">
          <reporter-output>
          </reporter-output>
        </test-method> <!-- startReport -->
        <test-method status="PASS" signature="setUpClass()[pri:0, instance:com.leafBot.testcases.TC001_LoginLogout@14523f8]" name="setUpClass" is-config="true" duration-ms="203" started-at="2019-09-08T11:04:51Z" finished-at="2019-09-08T11:04:51Z">
          <reporter-output>
          </reporter-output>
        </test-method> <!-- setUpClass -->
        <test-method status="PASS" signature="setData()[pri:0, instance:com.leafBot.testcases.TC001_LoginLogout@14523f8]" name="setData" is-config="true" duration-ms="0" started-at="2019-09-08T11:04:51Z" finished-at="2019-09-08T11:04:51Z">
          <reporter-output>
          </reporter-output>
        </test-method> <!-- setData -->
        <test-method status="PASS" signature="report()[pri:0, instance:com.leafBot.testcases.TC001_LoginLogout@14523f8]" name="report" is-config="true" duration-ms="16" started-at="2019-09-08T11:04:51Z" finished-at="2019-09-08T11:04:51Z">
          <reporter-output>
          </reporter-output>
        </test-method> <!-- report -->
        <test-method status="PASS" signature="beforeMethod()[pri:0, instance:com.leafBot.testcases.TC001_LoginLogout@14523f8]" name="beforeMethod" is-config="true" duration-ms="23051" started-at="2019-09-08T11:04:53Z" finished-at="2019-09-08T11:05:16Z">
          <reporter-output>
          </reporter-output>
        </test-method> <!-- beforeMethod -->
        <test-method status="PASS" signature="runTC001(java.lang.String, java.lang.String)[pri:0, instance:com.leafBot.testcases.TC001_LoginLogout@14523f8]" name="runTC001" duration-ms="5478" started-at="2019-09-08T11:05:16Z" data-provider="fetchData" finished-at="2019-09-08T11:05:21Z">
          <params>
            <param index="0">
              <value>
                <![CDATA[DemoSalesManager]]>
              </value>
            </param>
            <param index="1">
              <value>
                <![CDATA[crmsfa]]>
              </value>
            </param>
          </params>
          <reporter-output>
          </reporter-output>
        </test-method> <!-- runTC001 -->
        <test-method status="PASS" signature="afterMethod()[pri:0, instance:com.leafBot.testcases.TC001_LoginLogout@14523f8]" name="afterMethod" is-config="true" duration-ms="1325" started-at="2019-09-08T11:05:21Z" finished-at="2019-09-08T11:05:23Z">
          <reporter-output>
          </reporter-output>
        </test-method> <!-- afterMethod -->
        <test-method status="PASS" signature="beforeMethod()[pri:0, instance:com.leafBot.testcases.TC001_LoginLogout@14523f8]" name="beforeMethod" is-config="true" duration-ms="19953" started-at="2019-09-08T11:05:23Z" finished-at="2019-09-08T11:05:43Z">
          <reporter-output>
          </reporter-output>
        </test-method> <!-- beforeMethod -->
        <test-method status="PASS" signature="runTC001(java.lang.String, java.lang.String)[pri:0, instance:com.leafBot.testcases.TC001_LoginLogout@14523f8]" name="runTC001" duration-ms="3129" started-at="2019-09-08T11:05:43Z" data-provider="fetchData" finished-at="2019-09-08T11:05:46Z">
          <params>
            <param index="0">
              <value>
                <![CDATA[DemoCSR]]>
              </value>
            </param>
            <param index="1">
              <value>
                <![CDATA[crmsfa]]>
              </value>
            </param>
          </params>
          <reporter-output>
          </reporter-output>
        </test-method> <!-- runTC001 -->
        <test-method status="PASS" signature="afterMethod()[pri:0, instance:com.leafBot.testcases.TC001_LoginLogout@14523f8]" name="afterMethod" is-config="true" duration-ms="1069" started-at="2019-09-08T11:05:46Z" finished-at="2019-09-08T11:05:47Z">
          <reporter-output>
          </reporter-output>
        </test-method> <!-- afterMethod -->
        <test-method status="PASS" signature="tearDownClass()[pri:0, instance:com.leafBot.testcases.TC001_LoginLogout@14523f8]" name="tearDownClass" is-config="true" duration-ms="71" started-at="2019-09-08T11:05:47Z" finished-at="2019-09-08T11:05:47Z">
          <reporter-output>
          </reporter-output>
        </test-method> <!-- tearDownClass -->
        <test-method status="PASS" signature="stopReport()[pri:0, instance:com.leafBot.testcases.TC001_LoginLogout@14523f8]" name="stopReport" is-config="true" duration-ms="1109" started-at="2019-09-08T11:05:47Z" finished-at="2019-09-08T11:05:48Z">
          <reporter-output>
          </reporter-output>
        </test-method> <!-- stopReport -->
      </class> <!-- com.leafBot.testcases.TC001_LoginLogout -->
    </test> <!-- Default test -->
  </suite> <!-- Default suite -->
</testng-results>
